<?xml version="1.0" encoding="UTF-8"?>
<!-- Generated by org.testng.reporters.JUnitReportReporter -->
<testsuite hostname="ANIRUDDHA" failures="0" tests="2" name="WebAutomation.Testcases.CurrencyConversion" time="38.700" errors="0" timestamp="2023-01-30T13:44:05 IST" skipped="0">
  <testcase classname="WebAutomation.Testcases.CurrencyConversion" name="currencyConvTest" time="18.953"/>
  <system-out/>
  <testcase classname="WebAutomation.Testcases.CurrencyConversion" name="currencyConvTest" time="19.747"/>
  <system-out/>
</testsuite> <!-- WebAutomation.Testcases.CurrencyConversion -->
