<?xml version="1.0" encoding="UTF-8"?>
<!-- Generated by org.testng.reporters.JUnitReportReporter -->
<testsuite hostname="ANIRUDDHA" failures="0" tests="2" name="WebAutomation.Testcases.UserRegistration" time="43.294" errors="0" timestamp="2023-01-30T12:58:05 IST" skipped="0">
  <testcase classname="WebAutomation.Testcases.UserRegistration" name="userLogin" time="22.440"/>
  <system-out/>
  <testcase classname="WebAutomation.Testcases.UserRegistration" name="userLogin" time="20.854"/>
  <system-out/>
</testsuite> <!-- WebAutomation.Testcases.UserRegistration -->
